<?xml version="1.0" encoding="utf-8"?>
<!DOCTYPE mapper PUBLIC "-//mybatis.org//DTD Mapper 3.0//EN" "http:mybatis.org/dtd/mybatis-3-mapper.dtd">

<mapper namespace="test">
	<select id="all" resultType="com.hongik.project.vo.DataVO">
		select name, address, wsg84x, wsg84y, phonenumber from of_table
	</select>
</mapper>

